\BOOKMARK [1][-]{section.3}{\376\377\000E\000i\000n\000l\000e\000i\000t\000u\000n\000g}{}% 1
\BOOKMARK [1][-]{section.7}{\376\377\000A\000p\000p\000l\000i\000c\000a\000t\000i\000o\000n\000\040\000P\000r\000o\000g\000r\000a\000m\000m\000i\000n\000g\000\040\000I\000n\000t\000e\000r\000f\000a\000c\000e}{}% 2
\BOOKMARK [2][-]{subsection.8}{\376\377\000D\000i\000e\000\040\000D\000e\000f\000i\000n\000i\000t\000i\000o\000n\000\040\000e\000i\000n\000e\000r\000\040\000A\000P\000I}{section.7}% 3
\BOOKMARK [2][-]{subsection.11}{\376\377\000D\000i\000e\000\040\000A\000r\000t\000e\000n\000\040\000e\000i\000n\000e\000r\000\040\000A\000P\000I}{section.7}% 4
\BOOKMARK [2][-]{subsection.14}{\376\377\000D\000i\000e\000\040\000V\000o\000r\000t\000e\000i\000l\000e\000\040\000e\000i\000n\000e\000r\000\040\000A\000P\000I}{section.7}% 5
\BOOKMARK [1][-]{section.17}{\376\377\000B\000e\000i\000s\000p\000i\000e\000l\000e\000\040\000v\000o\000m\000\040\000S\000c\000h\000l\000e\000c\000h\000t\000e\000m\000\040\000A\000P\000I\000\040\000D\000e\000s\000i\000g\000n}{}% 6
\BOOKMARK [2][-]{subsection.20}{\376\377\000M\000a\000n\000g\000e\000l\000n\000d\000e\000\040\000D\000o\000k\000u\000m\000e\000n\000t\000a\000t\000i\000o\000n}{section.17}% 7
\BOOKMARK [2][-]{subsection.23}{\376\377\000E\000i\000n\000d\000e\000u\000t\000i\000g\000e\000\040\000B\000e\000z\000e\000i\000c\000h\000n\000u\000n\000g\000e\000n\000\040\000v\000o\000n\000\040\000S\000c\000h\000n\000i\000t\000t\000s\000t\000e\000l\000l\000e\000n}{section.17}% 8
\BOOKMARK [2][-]{subsection.45}{\376\377\000K\000e\000i\000n\000e\000\040\000K\000o\000n\000s\000i\000s\000t\000e\000n\000t\000e\000\040\000B\000e\000n\000e\000n\000n\000u\000n\000g\000\040\000d\000e\000r\000\040\000B\000e\000z\000e\000i\000c\000h\000n\000e\000r}{section.17}% 9
\BOOKMARK [1][-]{section.46}{\376\377\000A\000n\000s\000\344\000t\000z\000e\000\040\000z\000u\000r\000\040\000V\000e\000r\000b\000e\000s\000s\000e\000r\000u\000n\000g\000\040\000a\000l\000l\000g\000e\000m\000e\000i\000n\000e\000r\000\040\000A\000P\000I\000s}{}% 10
\BOOKMARK [2][-]{subsection.47}{\376\377\000U\000m\000d\000e\000n\000k\000e\000n\000\040\000d\000e\000r\000\040\000M\000e\000n\000s\000c\000h\000e\000n}{section.46}% 11
\BOOKMARK [2][-]{subsection.48}{\376\377\000N\000u\000t\000z\000e\000r\000\040\000f\000r\000e\000u\000n\000d\000l\000i\000c\000h\000e\000r\000e\000s\000\040\000D\000e\000s\000i\000g\000n}{section.46}% 12
\BOOKMARK [2][-]{subsection.49}{\376\377\000A\000P\000I\000s\000\040\000T\000e\000s\000t\000e\000n}{section.46}% 13
\BOOKMARK [1][-]{section.50}{\376\377\000A\000u\000s\000g\000e\000w\000\344\000h\000l\000t\000e\000\040\000A\000P\000I\000\040\000E\000n\000t\000w\000u\000r\000f\000s\000\040\000B\000e\000i\000s\000p\000i\000e\000l\000e}{}% 14
\BOOKMARK [2][-]{subsection.51}{\376\377\000S\000i\000n\000n\000v\000o\000l\000l\000e\000\040\000K\000l\000a\000s\000s\000e\000n\000n\000a\000m\000e\000n\000\040\000w\000\344\000h\000l\000e\000n}{section.50}% 15
\BOOKMARK [2][-]{subsection.52}{\376\377\000M\000e\000t\000h\000o\000d\000e\000n\000n\000a\000m\000e\000n\000\040\000u\000n\000d\000\040\000i\000h\000r\000e\000\040\000P\000a\000r\000a\000m\000e\000t\000e\000r}{section.50}% 16
\BOOKMARK [2][-]{subsection.53}{\376\377\000K\000e\000i\000n\000e\000\040\000r\000e\000d\000u\000n\000d\000a\000n\000t\000e\000n\000\040\000M\000e\000t\000h\000o\000d\000e\000n}{section.50}% 17
\BOOKMARK [2][-]{subsection.54}{\376\377\000R\000e\000f\000a\000c\000t\000o\000r\000i\000n\000g}{section.50}% 18
\BOOKMARK [1][-]{section.55}{\376\377\000T\000o\000o\000l\000s\000\040\000z\000u\000r\000\040\000U\000n\000t\000e\000r\000s\000t\000\374\000t\000z\000u\000n\000g\000\040\000d\000e\000r\000\040\000E\000n\000t\000w\000i\000c\000k\000l\000u\000n\000g\000\040\000e\000i\000n\000e\000r\000\040\000A\000P\000I}{}% 19
\BOOKMARK [2][-]{subsection.56}{\376\377\000E\000n\000t\000w\000i\000c\000k\000l\000u\000n\000g\000s\000u\000m\000g\000e\000b\000u\000n\000g}{section.55}% 20
\BOOKMARK [2][-]{subsection.62}{\376\377\000D\000a\000s\000\040\000P\000r\000o\000g\000r\000a\000m\000m\000\040\000C\000h\000e\000c\000k\000s\000t\000y\000l\000e}{section.55}% 21
\BOOKMARK [1][-]{section.63}{\376\377\000F\000a\000z\000i\000t}{}% 22
\BOOKMARK [1][-]{section*.64}{\376\377\000A\000b\000k\000\374\000r\000z\000u\000n\000g\000e\000n}{}% 23
\BOOKMARK [1][-]{section*.64}{\376\377\000L\000i\000t\000e\000r\000a\000t\000u\000r}{}% 24
